Determining if the Q_WS_WIN exist failed with the following output:
Change Dir: /home/salabeta/robocomp/components/sergiosrobotica/componentes/choconCamara/CMakeFiles/CMakeTmp

Run Build Command:"/usr/bin/make" "cmTC_1c253/fast"
/usr/bin/make -f CMakeFiles/cmTC_1c253.dir/build.make CMakeFiles/cmTC_1c253.dir/build
make[1]: se entra en el directorio '/home/salabeta/robocomp/components/sergiosrobotica/componentes/choconCamara/CMakeFiles/CMakeTmp'
Building CXX object CMakeFiles/cmTC_1c253.dir/CheckSymbolExists.cxx.o
/usr/bin/c++    -I/usr/include/qt4   -o CMakeFiles/cmTC_1c253.dir/CheckSymbolExists.cxx.o -c /home/salabeta/robocomp/components/sergiosrobotica/componentes/choconCamara/CMakeFiles/CMakeTmp/CheckSymbolExists.cxx
/home/salabeta/robocomp/components/sergiosrobotica/componentes/choconCamara/CMakeFiles/CMakeTmp/CheckSymbolExists.cxx: In function ‘int main(int, char**)’:
/home/salabeta/robocomp/components/sergiosrobotica/componentes/choconCamara/CMakeFiles/CMakeTmp/CheckSymbolExists.cxx:8:19: error: ‘Q_WS_WIN’ was not declared in this scope
   return ((int*)(&Q_WS_WIN))[argc];
                   ^
CMakeFiles/cmTC_1c253.dir/build.make:65: fallo en las instrucciones para el objetivo 'CMakeFiles/cmTC_1c253.dir/CheckSymbolExists.cxx.o'
make[1]: *** [CMakeFiles/cmTC_1c253.dir/CheckSymbolExists.cxx.o] Error 1
make[1]: se sale del directorio '/home/salabeta/robocomp/components/sergiosrobotica/componentes/choconCamara/CMakeFiles/CMakeTmp'
Makefile:126: fallo en las instrucciones para el objetivo 'cmTC_1c253/fast'
make: *** [cmTC_1c253/fast] Error 2

File /home/salabeta/robocomp/components/sergiosrobotica/componentes/choconCamara/CMakeFiles/CMakeTmp/CheckSymbolExists.cxx:
/* */
#include <QtCore/qglobal.h>

int main(int argc, char** argv)
{
  (void)argv;
#ifndef Q_WS_WIN
  return ((int*)(&Q_WS_WIN))[argc];
#else
  (void)argc;
  return 0;
#endif
}

Determining if the Q_WS_QWS exist failed with the following output:
Change Dir: /home/salabeta/robocomp/components/sergiosrobotica/componentes/choconCamara/CMakeFiles/CMakeTmp

Run Build Command:"/usr/bin/make" "cmTC_58976/fast"
/usr/bin/make -f CMakeFiles/cmTC_58976.dir/build.make CMakeFiles/cmTC_58976.dir/build
make[1]: se entra en el directorio '/home/salabeta/robocomp/components/sergiosrobotica/componentes/choconCamara/CMakeFiles/CMakeTmp'
Building CXX object CMakeFiles/cmTC_58976.dir/CheckSymbolExists.cxx.o
/usr/bin/c++    -I/usr/include/qt4   -o CMakeFiles/cmTC_58976.dir/CheckSymbolExists.cxx.o -c /home/salabeta/robocomp/components/sergiosrobotica/componentes/choconCamara/CMakeFiles/CMakeTmp/CheckSymbolExists.cxx
/home/salabeta/robocomp/components/sergiosrobotica/componentes/choconCamara/CMakeFiles/CMakeTmp/CheckSymbolExists.cxx: In function ‘int main(int, char**)’:
/home/salabeta/robocomp/components/sergiosrobotica/componentes/choconCamara/CMakeFiles/CMakeTmp/CheckSymbolExists.cxx:8:19: error: ‘Q_WS_QWS’ was not declared in this scope
   return ((int*)(&Q_WS_QWS))[argc];
                   ^
CMakeFiles/cmTC_58976.dir/build.make:65: fallo en las instrucciones para el objetivo 'CMakeFiles/cmTC_58976.dir/CheckSymbolExists.cxx.o'
make[1]: *** [CMakeFiles/cmTC_58976.dir/CheckSymbolExists.cxx.o] Error 1
make[1]: se sale del directorio '/home/salabeta/robocomp/components/sergiosrobotica/componentes/choconCamara/CMakeFiles/CMakeTmp'
Makefile:126: fallo en las instrucciones para el objetivo 'cmTC_58976/fast'
make: *** [cmTC_58976/fast] Error 2

File /home/salabeta/robocomp/components/sergiosrobotica/componentes/choconCamara/CMakeFiles/CMakeTmp/CheckSymbolExists.cxx:
/* */
#include <QtCore/qglobal.h>

int main(int argc, char** argv)
{
  (void)argv;
#ifndef Q_WS_QWS
  return ((int*)(&Q_WS_QWS))[argc];
#else
  (void)argc;
  return 0;
#endif
}

Determining if the Q_WS_MAC exist failed with the following output:
Change Dir: /home/salabeta/robocomp/components/sergiosrobotica/componentes/choconCamara/CMakeFiles/CMakeTmp

Run Build Command:"/usr/bin/make" "cmTC_b13f7/fast"
/usr/bin/make -f CMakeFiles/cmTC_b13f7.dir/build.make CMakeFiles/cmTC_b13f7.dir/build
make[1]: se entra en el directorio '/home/salabeta/robocomp/components/sergiosrobotica/componentes/choconCamara/CMakeFiles/CMakeTmp'
Building CXX object CMakeFiles/cmTC_b13f7.dir/CheckSymbolExists.cxx.o
/usr/bin/c++    -I/usr/include/qt4   -o CMakeFiles/cmTC_b13f7.dir/CheckSymbolExists.cxx.o -c /home/salabeta/robocomp/components/sergiosrobotica/componentes/choconCamara/CMakeFiles/CMakeTmp/CheckSymbolExists.cxx
/home/salabeta/robocomp/components/sergiosrobotica/componentes/choconCamara/CMakeFiles/CMakeTmp/CheckSymbolExists.cxx: In function ‘int main(int, char**)’:
/home/salabeta/robocomp/components/sergiosrobotica/componentes/choconCamara/CMakeFiles/CMakeTmp/CheckSymbolExists.cxx:8:19: error: ‘Q_WS_MAC’ was not declared in this scope
   return ((int*)(&Q_WS_MAC))[argc];
                   ^
CMakeFiles/cmTC_b13f7.dir/build.make:65: fallo en las instrucciones para el objetivo 'CMakeFiles/cmTC_b13f7.dir/CheckSymbolExists.cxx.o'
make[1]: *** [CMakeFiles/cmTC_b13f7.dir/CheckSymbolExists.cxx.o] Error 1
make[1]: se sale del directorio '/home/salabeta/robocomp/components/sergiosrobotica/componentes/choconCamara/CMakeFiles/CMakeTmp'
Makefile:126: fallo en las instrucciones para el objetivo 'cmTC_b13f7/fast'
make: *** [cmTC_b13f7/fast] Error 2

File /home/salabeta/robocomp/components/sergiosrobotica/componentes/choconCamara/CMakeFiles/CMakeTmp/CheckSymbolExists.cxx:
/* */
#include <QtCore/qglobal.h>

int main(int argc, char** argv)
{
  (void)argv;
#ifndef Q_WS_MAC
  return ((int*)(&Q_WS_MAC))[argc];
#else
  (void)argc;
  return 0;
#endif
}

